<?xml version="1.0" encoding="UTF-8"?>
<!-- Generated by org.testng.reporters.JUnitXMLReporter -->
<testsuite ignored="0" hostname="DESKTOP-RQ6NMQQ" failures="0" tests="2" name="HomePageTestCase" time="14.605" errors="0" timestamp="2024-12-03T11:45:19 IST">
  <testcase classname="com.qa.opencart.testcases.HomePageTestCase" name="homePageTitle" time="0.035"/>
  <testcase classname="com.qa.opencart.testcases.HomePageTestCase" name="searchTest" time="0.831"/>
</testsuite> <!-- HomePageTestCase -->
