<?xml version="1.0" encoding="UTF-8"?>
<!-- Generated by org.testng.reporters.JUnitXMLReporter -->
<testsuite ignored="0" hostname="DESKTOP-RQ6NMQQ" failures="0" tests="3" name="LoginPageTestCase" time="14.686" errors="0" timestamp="2024-12-03T12:12:39 IST">
  <testcase classname="com.qa.opencart.testcases.LoginPageTestCase" name="loginPageNavigationTest" time="1.205"/>
  <testcase classname="com.qa.opencart.testcases.LoginPageTestCase" name="ValidateForgotPwdLink" time="0.041"/>
  <testcase classname="com.qa.opencart.testcases.LoginPageTestCase" name="validateLogin" time="0.49"/>
</testsuite> <!-- LoginPageTestCase -->
