<?xml version="1.0" encoding="UTF-8"?>
<testng-results ignored="0" total="5" passed="5" failed="0" skipped="0">
  <reporter-output>
  </reporter-output>
  <suite started-at="2024-12-03T11:45:04 IST" name="Open Cart Regression" finished-at="2024-12-03T11:45:19 IST" duration-ms="15333">
    <groups>
    </groups>
    <test started-at="2024-12-03T11:45:04 IST" name="HomePageTestCase" finished-at="2024-12-03T11:45:18 IST" duration-ms="14605">
      <class name="com.qa.opencart.testcases.HomePageTestCase">
        <test-method is-config="true" signature="setUp()[pri:0, instance:com.qa.opencart.testcases.HomePageTestCase@23f5b5dc]" started-at="2024-12-03T11:45:04 IST" name="setUp" finished-at="2024-12-03T11:45:17 IST" duration-ms="13297" status="PASS">
          <reporter-output>
          </reporter-output>
        </test-method> <!-- setUp -->
        <test-method signature="homePageTitle()[pri:0, instance:com.qa.opencart.testcases.HomePageTestCase@23f5b5dc]" started-at="2024-12-03T11:45:17 IST" name="homePageTitle" finished-at="2024-12-03T11:45:17 IST" duration-ms="35" status="PASS">
          <reporter-output>
          </reporter-output>
        </test-method> <!-- homePageTitle -->
        <test-method signature="searchTest()[pri:0, instance:com.qa.opencart.testcases.HomePageTestCase@23f5b5dc]" started-at="2024-12-03T11:45:17 IST" name="searchTest" finished-at="2024-12-03T11:45:18 IST" duration-ms="831" status="PASS">
          <reporter-output>
          </reporter-output>
        </test-method> <!-- searchTest -->
        <test-method is-config="true" signature="tearDown()[pri:0, instance:com.qa.opencart.testcases.HomePageTestCase@23f5b5dc]" started-at="2024-12-03T11:45:18 IST" name="tearDown" finished-at="2024-12-03T11:45:18 IST" duration-ms="396" status="PASS">
          <reporter-output>
          </reporter-output>
        </test-method> <!-- tearDown -->
      </class> <!-- com.qa.opencart.testcases.HomePageTestCase -->
    </test> <!-- HomePageTestCase -->
    <test started-at="2024-12-03T11:45:04 IST" name="LoginPageTestCase" finished-at="2024-12-03T11:45:19 IST" duration-ms="15333">
      <class name="com.qa.opencart.testcases.LoginPageTestCase">
        <test-method is-config="true" signature="setUp()[pri:0, instance:com.qa.opencart.testcases.LoginPageTestCase@2fb0623e]" started-at="2024-12-03T11:45:04 IST" name="setUp" finished-at="2024-12-03T11:45:17 IST" duration-ms="13257" status="PASS">
          <reporter-output>
          </reporter-output>
        </test-method> <!-- setUp -->
        <test-method signature="loginPageNavigationTest()[pri:1, instance:com.qa.opencart.testcases.LoginPageTestCase@2fb0623e]" started-at="2024-12-03T11:45:17 IST" name="loginPageNavigationTest" finished-at="2024-12-03T11:45:18 IST" duration-ms="1141" status="PASS">
          <reporter-output>
          </reporter-output>
        </test-method> <!-- loginPageNavigationTest -->
        <test-method signature="ValidateForgotPwdLink()[pri:2, instance:com.qa.opencart.testcases.LoginPageTestCase@2fb0623e]" started-at="2024-12-03T11:45:18 IST" name="ValidateForgotPwdLink" finished-at="2024-12-03T11:45:18 IST" duration-ms="23" status="PASS">
          <reporter-output>
          </reporter-output>
        </test-method> <!-- ValidateForgotPwdLink -->
        <test-method signature="validateLogin()[pri:3, instance:com.qa.opencart.testcases.LoginPageTestCase@2fb0623e]" started-at="2024-12-03T11:45:18 IST" name="validateLogin" finished-at="2024-12-03T11:45:18 IST" duration-ms="444" status="PASS">
          <reporter-output>
          </reporter-output>
        </test-method> <!-- validateLogin -->
        <test-method is-config="true" signature="tearDown()[pri:0, instance:com.qa.opencart.testcases.LoginPageTestCase@2fb0623e]" started-at="2024-12-03T11:45:19 IST" name="tearDown" finished-at="2024-12-03T11:45:19 IST" duration-ms="328" status="PASS">
          <reporter-output>
          </reporter-output>
        </test-method> <!-- tearDown -->
      </class> <!-- com.qa.opencart.testcases.LoginPageTestCase -->
    </test> <!-- LoginPageTestCase -->
  </suite> <!-- Open Cart Regression -->
</testng-results>
