<?xml version="1.0" encoding="UTF-8"?>
<testng-results ignored="0" total="2" passed="2" failed="0" skipped="0">
  <reporter-output>
  </reporter-output>
  <suite started-at="2024-12-03T14:26:17 IST" name="Default suite" finished-at="2024-12-03T14:26:26 IST" duration-ms="8680">
    <groups>
    </groups>
    <test started-at="2024-12-03T14:26:17 IST" name="Default test" finished-at="2024-12-03T14:26:26 IST" duration-ms="8680">
      <class name="com.qa.opencart.testcases.HomePageTestCase">
        <test-method is-config="true" signature="setUp()[pri:0, instance:com.qa.opencart.testcases.HomePageTestCase@2a3b5b47]" started-at="2024-12-03T14:26:17 IST" name="setUp" finished-at="2024-12-03T14:26:25 IST" duration-ms="7165" status="PASS">
          <reporter-output>
          </reporter-output>
        </test-method> <!-- setUp -->
        <test-method signature="homePageTitle()[pri:0, instance:com.qa.opencart.testcases.HomePageTestCase@2a3b5b47]" started-at="2024-12-03T14:26:25 IST" name="homePageTitle" finished-at="2024-12-03T14:26:25 IST" duration-ms="714" status="PASS">
          <reporter-output>
          </reporter-output>
        </test-method> <!-- homePageTitle -->
        <test-method signature="searchTest()[pri:0, instance:com.qa.opencart.testcases.HomePageTestCase@2a3b5b47]" started-at="2024-12-03T14:26:25 IST" name="searchTest" finished-at="2024-12-03T14:26:26 IST" duration-ms="395" status="PASS">
          <reporter-output>
          </reporter-output>
        </test-method> <!-- searchTest -->
        <test-method is-config="true" signature="tearDown()[pri:0, instance:com.qa.opencart.testcases.HomePageTestCase@2a3b5b47]" started-at="2024-12-03T14:26:26 IST" name="tearDown" finished-at="2024-12-03T14:26:26 IST" duration-ms="367" status="PASS">
          <reporter-output>
          </reporter-output>
        </test-method> <!-- tearDown -->
      </class> <!-- com.qa.opencart.testcases.HomePageTestCase -->
    </test> <!-- Default test -->
  </suite> <!-- Default suite -->
</testng-results>
